Array
(
    [book_id] => 2
    [quantity] => 1
)
Array
(
    [book_id] => 2
    [quantity] => 1
)
Array
(
    [book_id] => 3
    [quantity] => 1
)
Array
(
    [book_id] => 4
    [quantity] => 1
)
Array
(
    [book_id] => 7
    [quantity] => 1
)
Array
(
    [book_id] => 5
    [quantity] => 1
)
Array
(
    [book_id] => 5
    [quantity] => 1
)
Array
(
    [book_id] => 5
    [quantity] => 1
)
Array
(
    [book_id] => 9
    [quantity] => 2
)
Array
(
    [book_id] => 5
    [quantity] => 1
)
Array
(
    [book_id] => 8
    [quantity] => 2
)
Array
(
    [book_id] => 1
    [quantity] => 1
)
Array
(
    [book_id] => 2
    [quantity] => 3
)
Array
(
    [book_id] => 2
    [quantity] => 2
)
Array
(
    [book_id] => 7
    [quantity] => 1
)
Array
(
    [book_id] => 7
    [quantity] => 1
)
Array
(
    [book_id] => 4
    [quantity] => 1
)
Array
(
    [book_id] => 3
    [quantity] => 1
)
Array
(
    [book_id] => 2
    [quantity] => 2
)
Array
(
    [book_id] => 2
    [quantity] => 1
)
Array
(
    [book_id] => 3
    [quantity] => 1
)
Array
(
    [book_id] => 3
    [quantity] => 1
)
Array
(
    [book_id] => 3
    [quantity] => 1
)
Array
(
    [book_id] => 3
    [quantity] => 1
)
Array
(
    [book_id] => 3
    [quantity] => 1
)
Array
(
    [book_id] => 2
    [quantity] => 1
)
Array
(
    [book_id] => 2
    [quantity] => 1
)
Array
(
    [book_id] => 2
    [quantity] => 1
)
Array
(
    [book_id] => 2
    [quantity] => 1
)
Array
(
    [book_id] => 2
    [quantity] => 1
)
Array
(
    [book_id] => 2
    [quantity] => 1
)
Array
(
    [book_id] => 2
    [quantity] => 1
)
Array
(
    [book_id] => 2
    [quantity] => 1
)
Array
(
    [book_id] => 2
    [quantity] => 1
)
Array
(
    [book_id] => 2
    [quantity] => 1
)
Array
(
    [book_id] => 2
    [quantity] => 1
)
Array
(
    [book_id] => 2
    [quantity] => 9
)
Array
(
    [book_id] => 7
    [quantity] => 1
)
Array
(
    [book_id] => 1
    [quantity] => 1
)
Array
(
    [book_id] => 4
    [quantity] => 1
)
Array
(
    [book_id] => 10
    [quantity] => 1
)
Array
(
    [book_id] => 2
    [quantity] => 1
)
Array
(
    [book_id] => 3
    [quantity] => 1
)
